{"C:\\Users\\luizm\\OneDrive\\Área de Trabalho\\testes\\Refactoring\\validateCPF_old.js": {"path":"C:\\Users\\luizm\\OneDrive\\Área de Trabalho\\testes\\Refactoring\\validateCPF_old.js","statementMap":{"0":{"start":{"line":2,"column":1},"end":{"line":33,"column":21}},"1":{"start":{"line":3,"column":8},"end":{"line":7,"column":29}},"2":{"start":{"line":8,"column":8},"end":{"line":32,"column":27}},"3":{"start":{"line":8,"column":38},"end":{"line":8,"column":50}},"4":{"start":{"line":13,"column":16},"end":{"line":13,"column":28}},"5":{"start":{"line":14,"column":16},"end":{"line":14,"column":37}},"6":{"start":{"line":15,"column":16},"end":{"line":19,"column":17}},"7":{"start":{"line":15,"column":34},"end":{"line":15,"column":35}},"8":{"start":{"line":16,"column":20},"end":{"line":16,"column":72}},"9":{"start":{"line":17,"column":20},"end":{"line":17,"column":55}},"10":{"start":{"line":18,"column":20},"end":{"line":18,"column":55}},"11":{"start":{"line":20,"column":16},"end":{"line":20,"column":33}},"12":{"start":{"line":21,"column":16},"end":{"line":21,"column":55}},"13":{"start":{"line":22,"column":16},"end":{"line":22,"column":30}},"14":{"start":{"line":23,"column":16},"end":{"line":23,"column":33}},"15":{"start":{"line":24,"column":16},"end":{"line":28,"column":17}},"16":{"start":{"line":25,"column":20},"end":{"line":25,"column":28}},"17":{"start":{"line":27,"column":20},"end":{"line":27,"column":36}},"18":{"start":{"line":29,"column":34},"end":{"line":29,"column":73}},"19":{"start":{"line":30,"column":16},"end":{"line":30,"column":49}},"20":{"start":{"line":31,"column":16},"end":{"line":31,"column":49}},"21":{"start":{"line":32,"column":15},"end":{"line":32,"column":27}},"22":{"start":{"line":33,"column":8},"end":{"line":33,"column":21}},"23":{"start":{"line":36,"column":0},"end":{"line":36,"column":27}}},"fnMap":{"0":{"name":"validate","decl":{"start":{"line":1,"column":9},"end":{"line":1,"column":17}},"loc":{"start":{"line":1,"column":23},"end":{"line":34,"column":1}},"line":1},"1":{"name":"(anonymous_1)","decl":{"start":{"line":8,"column":33},"end":{"line":8,"column":34}},"loc":{"start":{"line":8,"column":38},"end":{"line":8,"column":50}},"line":8}},"branchMap":{"0":{"loc":{"start":{"line":2,"column":1},"end":{"line":33,"column":21}},"type":"if","locations":[{"start":{"line":2,"column":1},"end":{"line":33,"column":21}},{"start":{"line":33,"column":8},"end":{"line":33,"column":21}}],"line":2},"1":{"loc":{"start":{"line":2,"column":5},"end":{"line":2,"column":80}},"type":"binary-expr","locations":[{"start":{"line":2,"column":5},"end":{"line":2,"column":17}},{"start":{"line":2,"column":21},"end":{"line":2,"column":38}},{"start":{"line":2,"column":43},"end":{"line":2,"column":59}},{"start":{"line":2,"column":63},"end":{"line":2,"column":79}}],"line":2},"2":{"loc":{"start":{"line":8,"column":8},"end":{"line":32,"column":27}},"type":"if","locations":[{"start":{"line":8,"column":8},"end":{"line":32,"column":27}},{"start":{"line":32,"column":15},"end":{"line":32,"column":27}}],"line":8},"3":{"loc":{"start":{"line":21,"column":22},"end":{"line":21,"column":54}},"type":"cond-expr","locations":[{"start":{"line":21,"column":35},"end":{"line":21,"column":42}},{"start":{"line":21,"column":45},"end":{"line":21,"column":54}}],"line":21},"4":{"loc":{"start":{"line":24,"column":16},"end":{"line":28,"column":17}},"type":"if","locations":[{"start":{"line":24,"column":16},"end":{"line":28,"column":17}},{"start":{"line":26,"column":21},"end":{"line":28,"column":17}}],"line":24}},"s":{"0":12,"1":9,"2":9,"3":32,"4":7,"5":7,"6":7,"7":7,"8":66,"9":66,"10":66,"11":7,"12":7,"13":7,"14":7,"15":7,"16":1,"17":6,"18":7,"19":7,"20":7,"21":2,"22":3,"23":1},"f":{"0":12,"1":32},"b":{"0":[9,3],"1":[12,11,10,3],"2":[7,2],"3":[3,4],"4":[1,6]},"_coverageSchema":"1a1c01bbd47fc00a2c39e90264f33305004495a9","hash":"e918e055670cfb03c567b8f8c13809e88bbd6385"}
}
